
> frontend@0.1.0 start
> PORT=2222 react-scripts start

(node:1034878) [DEP_WEBPACK_DEV_SERVER_ON_AFTER_SETUP_MIDDLEWARE] DeprecationWarning: 'onAfterSetupMiddleware' option is deprecated. Please use the 'setupMiddlewares' option.
(Use `node --trace-deprecation ...` to show where the warning was created)
(node:1034878) [DEP_WEBPACK_DEV_SERVER_ON_BEFORE_SETUP_MIDDLEWARE] DeprecationWarning: 'onBeforeSetupMiddleware' option is deprecated. Please use the 'setupMiddlewares' option.
Starting the development server...

Compiled successfully!

You can now view frontend in the browser.

  Local:            http://localhost:2222
  On Your Network:  http://192.168.30.17:2222

Note that the development build is not optimized.
To create a production build, use npm run build.

webpack compiled successfully
Compiling...
Compiled with warnings.

[eslint] 
src/components/Admin/Tour360Viewer.js
  Line 5:10:    'tourPath' is assigned a value but never used          no-unused-vars
  Line 6:10:    'tourUrl' is assigned a value but never used           no-unused-vars
  Line 7:10:    'tourHtml' is assigned a value but never used          no-unused-vars
  Line 8:9:     'iframeRef' is assigned a value but never used         no-unused-vars
  Line 97:9:    'handleSelectTour' is assigned a value but never used  no-unused-vars
  Line 124:39:  Unnecessary escape character: \"                       no-useless-escape
  Line 128:38:  Unnecessary escape character: \"                       no-useless-escape

Search for the keywords to learn more about each warning.
To ignore, add // eslint-disable-next-line to the line before.

WARNING in [eslint] 
src/components/Admin/Tour360Viewer.js
  Line 5:10:    'tourPath' is assigned a value but never used          no-unused-vars
  Line 6:10:    'tourUrl' is assigned a value but never used           no-unused-vars
  Line 7:10:    'tourHtml' is assigned a value but never used          no-unused-vars
  Line 8:9:     'iframeRef' is assigned a value but never used         no-unused-vars
  Line 97:9:    'handleSelectTour' is assigned a value but never used  no-unused-vars
  Line 124:39:  Unnecessary escape character: \"                       no-useless-escape
  Line 128:38:  Unnecessary escape character: \"                       no-useless-escape

webpack compiled with 1 warning
Compiling...
Compiled with warnings.

[eslint] 
src/components/Admin/Tour360Viewer.js
  Line 5:10:    'tourPath' is assigned a value but never used          no-unused-vars
  Line 6:10:    'tourUrl' is assigned a value but never used           no-unused-vars
  Line 7:10:    'tourHtml' is assigned a value but never used          no-unused-vars
  Line 8:9:     'iframeRef' is assigned a value but never used         no-unused-vars
  Line 97:9:    'handleSelectTour' is assigned a value but never used  no-unused-vars
  Line 124:39:  Unnecessary escape character: \"                       no-useless-escape
  Line 128:38:  Unnecessary escape character: \"                       no-useless-escape

Search for the keywords to learn more about each warning.
To ignore, add // eslint-disable-next-line to the line before.

WARNING in [eslint] 
src/components/Admin/Tour360Viewer.js
  Line 5:10:    'tourPath' is assigned a value but never used          no-unused-vars
  Line 6:10:    'tourUrl' is assigned a value but never used           no-unused-vars
  Line 7:10:    'tourHtml' is assigned a value but never used          no-unused-vars
  Line 8:9:     'iframeRef' is assigned a value but never used         no-unused-vars
  Line 97:9:    'handleSelectTour' is assigned a value but never used  no-unused-vars
  Line 124:39:  Unnecessary escape character: \"                       no-useless-escape
  Line 128:38:  Unnecessary escape character: \"                       no-useless-escape

webpack compiled with 1 warning
Compiling...
Compiled with warnings.

[eslint] 
src/components/Admin/Tour360Viewer.js
  Line 5:10:    'tourPath' is assigned a value but never used          no-unused-vars
  Line 6:10:    'tourUrl' is assigned a value but never used           no-unused-vars
  Line 7:10:    'tourHtml' is assigned a value but never used          no-unused-vars
  Line 8:9:     'iframeRef' is assigned a value but never used         no-unused-vars
  Line 97:9:    'handleSelectTour' is assigned a value but never used  no-unused-vars
  Line 124:39:  Unnecessary escape character: \"                       no-useless-escape
  Line 128:38:  Unnecessary escape character: \"                       no-useless-escape

Search for the keywords to learn more about each warning.
To ignore, add // eslint-disable-next-line to the line before.

WARNING in [eslint] 
src/components/Admin/Tour360Viewer.js
  Line 5:10:    'tourPath' is assigned a value but never used          no-unused-vars
  Line 6:10:    'tourUrl' is assigned a value but never used           no-unused-vars
  Line 7:10:    'tourHtml' is assigned a value but never used          no-unused-vars
  Line 8:9:     'iframeRef' is assigned a value but never used         no-unused-vars
  Line 97:9:    'handleSelectTour' is assigned a value but never used  no-unused-vars
  Line 124:39:  Unnecessary escape character: \"                       no-useless-escape
  Line 128:38:  Unnecessary escape character: \"                       no-useless-escape

webpack compiled with 1 warning
